This is pdfTeX, Version 3.14159265-2.6-1.40.21 (MiKTeX 20.11) (preloaded format=pdflatex 2020.11.3)  6 MAR 2021 16:34
entering extended mode
**./Chart.tex
(Chart.tex
LaTeX2e <2020-10-01> patch level 2
L3 programming layer <2020-10-27> xparse <2020-03-03>
(C:\Users\ellio\AppData\Local\Programs\MiKTeX\tex/latex/base\article.cls
Document Class: article 2020/04/10 v1.4m Standard LaTeX document class
(C:\Users\ellio\AppData\Local\Programs\MiKTeX\tex/latex/base\size11.clo
File: size11.clo 2020/04/10 v1.4m Standard LaTeX file (size option)
)
\c@part=\count175
\c@section=\count176
\c@subsection=\count177
\c@subsubsection=\count178
\c@paragraph=\count179
\c@subparagraph=\count180
\c@figure=\count181
\c@table=\count182
\abovecaptionskip=\skip47
\belowcaptionskip=\skip48
\bibindent=\dimen138
)
(C:\Users\ellio\AppData\Local\Programs\MiKTeX\tex/latex/tools\longtable.sty
Package: longtable 2020/01/07 v4.13 Multi-page Table package (DPC)
\LTleft=\skip49
\LTright=\skip50
\LTpre=\skip51
\LTpost=\skip52
\LTchunksize=\count183
\LTcapwidth=\dimen139
\LT@head=\box47
\LT@firsthead=\box48
\LT@foot=\box49
\LT@lastfoot=\box50
\LT@cols=\count184
\LT@rows=\count185
\c@LT@tables=\count186
\c@LT@chunks=\count187
\LT@p@ftn=\toks15
)
(C:\Users\ellio\AppData\Local\Programs\MiKTeX\tex/latex/changepage\changepage.s
ty
Package: changepage 2009/10/20 v1.0c check page and change page layout
\c@cp@cntr=\count188
\cp@tempcnt=\count189
)
(C:\Users\ellio\AppData\Local\Programs\MiKTeX\tex/latex/scalerel\scalerel.sty
Package: scalerel 2016/12/29 v1.8 Routines for constrained scaling and stretchi
ng of objects, relative to a reference object or in absolute terms

(C:\Users\ellio\AppData\Local\Programs\MiKTeX\tex/latex/tools\calc.sty
Package: calc 2017/05/25 v4.3 Infix arithmetic (KKT,FJ)
\calc@Acount=\count190
\calc@Bcount=\count191
\calc@Adimen=\dimen140
\calc@Bdimen=\dimen141
\calc@Askip=\skip53
\calc@Bskip=\skip54
LaTeX Info: Redefining \setlength on input line 80.
LaTeX Info: Redefining \addtolength on input line 81.
\calc@Ccount=\count192
\calc@Cskip=\skip55
)
(C:\Users\ellio\AppData\Local\Programs\MiKTeX\tex/latex/graphics\graphicx.sty
Package: graphicx 2020/09/09 v1.2b Enhanced LaTeX Graphics (DPC,SPQR)

(C:\Users\ellio\AppData\Local\Programs\MiKTeX\tex/latex/graphics\keyval.sty
Package: keyval 2014/10/28 v1.15 key=value parser (DPC)
\KV@toks@=\toks16
)
(C:\Users\ellio\AppData\Local\Programs\MiKTeX\tex/latex/graphics\graphics.sty
Package: graphics 2020/08/30 v1.4c Standard LaTeX Graphics (DPC,SPQR)

(C:\Users\ellio\AppData\Local\Programs\MiKTeX\tex/latex/graphics\trig.sty
Package: trig 2016/01/03 v1.10 sin cos tan (DPC)
)
(C:\Users\ellio\AppData\Local\Programs\MiKTeX\tex/latex/graphics-cfg\graphics.c
fg
File: graphics.cfg 2016/06/04 v1.11 sample graphics configuration
)
Package graphics Info: Driver file: pdftex.def on input line 105.

(C:\Users\ellio\AppData\Local\Programs\MiKTeX\tex/latex/graphics-def\pdftex.def
File: pdftex.def 2020/10/05 v1.2a Graphics/color driver for pdftex
))
\Gin@req@height=\dimen142
\Gin@req@width=\dimen143
)
(C:\Users\ellio\AppData\Local\Programs\MiKTeX\tex/latex/etoolbox\etoolbox.sty
Package: etoolbox 2020/10/05 v2.5k e-TeX tools for LaTeX (JAW)
\etb@tempcnta=\count193
)
\thesrwidth=\skip56
\thesrheight=\skip57
\srblobheight=\skip58
\srblobdepth=\skip59
\mnxsrwidth=\skip60
\LMex=\skip61
\LMpt=\skip62
) (C:\Users\ellio\AppData\Local\Programs\MiKTeX\tex/latex/amsfonts\amssymb.sty
Package: amssymb 2013/01/14 v3.01 AMS font symbols

(C:\Users\ellio\AppData\Local\Programs\MiKTeX\tex/latex/amsfonts\amsfonts.sty
Package: amsfonts 2013/01/14 v3.01 Basic AMSFonts support
\@emptytoks=\toks17
\symAMSa=\mathgroup4
\symAMSb=\mathgroup5
LaTeX Font Info:    Redeclaring math symbol \hbar on input line 98.
LaTeX Font Info:    Overwriting math alphabet `\mathfrak' in version `bold'
(Font)                  U/euf/m/n --> U/euf/b/n on input line 106.
)) (C:\Users\ellio\AppData\Local\Programs\MiKTeX\tex/latex/geometry\geometry.st
y
Package: geometry 2020/01/02 v5.9 Page Geometry

(C:\Users\ellio\AppData\Local\Programs\MiKTeX\tex/generic/iftex\ifvtex.sty
Package: ifvtex 2019/10/25 v1.7 ifvtex legacy package. Use iftex instead.

(C:\Users\ellio\AppData\Local\Programs\MiKTeX\tex/generic/iftex\iftex.sty
Package: iftex 2020/03/06 v1.0d TeX engine tests
))
\Gm@cnth=\count194
\Gm@cntv=\count195
\c@Gm@tempcnt=\count196
\Gm@bindingoffset=\dimen144
\Gm@wd@mp=\dimen145
\Gm@odd@mp=\dimen146
\Gm@even@mp=\dimen147
\Gm@layoutwidth=\dimen148
\Gm@layoutheight=\dimen149
\Gm@layouthoffset=\dimen150
\Gm@layoutvoffset=\dimen151
\Gm@dimlist=\toks18

(C:\Users\ellio\AppData\Local\Programs\MiKTeX\tex/latex/geometry\geometry.cfg))
(C:\Users\ellio\AppData\Local\Programs\MiKTeX\tex/latex/hyperref\hyperref.sty
Package: hyperref 2020-05-15 v7.00e Hypertext links for LaTeX

(C:\Users\ellio\AppData\Local\Programs\MiKTeX\tex/generic/ltxcmds\ltxcmds.sty
Package: ltxcmds 2020-05-10 v1.25 LaTeX kernel commands for general use (HO)
)
(C:\Users\ellio\AppData\Local\Programs\MiKTeX\tex/generic/pdftexcmds\pdftexcmds
.sty
Package: pdftexcmds 2020-06-27 v0.33 Utility functions of pdfTeX for LuaTeX (HO
)

(C:\Users\ellio\AppData\Local\Programs\MiKTeX\tex/generic/infwarerr\infwarerr.s
ty
Package: infwarerr 2019/12/03 v1.5 Providing info/warning/error messages (HO)
)
Package pdftexcmds Info: \pdf@primitive is available.
Package pdftexcmds Info: \pdf@ifprimitive is available.
Package pdftexcmds Info: \pdfdraftmode found.
)
(C:\Users\ellio\AppData\Local\Programs\MiKTeX\tex/generic/kvsetkeys\kvsetkeys.s
ty
Package: kvsetkeys 2019/12/15 v1.18 Key value parser (HO)
)
(C:\Users\ellio\AppData\Local\Programs\MiKTeX\tex/generic/kvdefinekeys\kvdefine
keys.sty
Package: kvdefinekeys 2019-12-19 v1.6 Define keys (HO)
)
(C:\Users\ellio\AppData\Local\Programs\MiKTeX\tex/generic/pdfescape\pdfescape.s
ty
Package: pdfescape 2019/12/09 v1.15 Implements pdfTeX's escape features (HO)
) (C:\Users\ellio\AppData\Local\Programs\MiKTeX\tex/latex/hycolor\hycolor.sty
Package: hycolor 2020-01-27 v1.10 Color options for hyperref/bookmark (HO)
)
(C:\Users\ellio\AppData\Local\Programs\MiKTeX\tex/latex/letltxmacro\letltxmacro
.sty
Package: letltxmacro 2019/12/03 v1.6 Let assignment for LaTeX macros (HO)
)
(C:\Users\ellio\AppData\Local\Programs\MiKTeX\tex/latex/auxhook\auxhook.sty
Package: auxhook 2019-12-17 v1.6 Hooks for auxiliary files (HO)
)
(C:\Users\ellio\AppData\Local\Programs\MiKTeX\tex/latex/kvoptions\kvoptions.sty
Package: kvoptions 2020-10-07 v3.14 Key value format for package options (HO)
)
\@linkdim=\dimen152
\Hy@linkcounter=\count197
\Hy@pagecounter=\count198
 (C:\Users\ellio\AppData\Local\Programs\MiKTeX\tex/latex/hyperref\pd1enc.def
File: pd1enc.def 2020-05-15 v7.00e Hyperref: PDFDocEncoding definition (HO)
Now handling font encoding PD1 ...
... no UTF-8 mapping file for font encoding PD1
)
(C:\Users\ellio\AppData\Local\Programs\MiKTeX\tex/generic/intcalc\intcalc.sty
Package: intcalc 2019/12/15 v1.3 Expandable calculations with integers (HO)
)
(C:\Users\ellio\AppData\Local\Programs\MiKTeX\tex/generic/etexcmds\etexcmds.sty
Package: etexcmds 2019/12/15 v1.7 Avoid name clashes with e-TeX commands (HO)
)
\Hy@SavedSpaceFactor=\count199
Package hyperref Info: Hyper figures OFF on input line 4464.
Package hyperref Info: Link nesting OFF on input line 4469.
Package hyperref Info: Hyper index ON on input line 4472.
Package hyperref Info: Plain pages OFF on input line 4479.
Package hyperref Info: Backreferencing OFF on input line 4484.
Package hyperref Info: Implicit mode ON; LaTeX internals redefined.
Package hyperref Info: Bookmarks ON on input line 4717.
\c@Hy@tempcnt=\count266
 (C:\Users\ellio\AppData\Local\Programs\MiKTeX\tex/latex/url\url.sty
\Urlmuskip=\muskip16
Package: url 2013/09/16  ver 3.4  Verb mode for urls, etc.
)
LaTeX Info: Redefining \url on input line 5076.
\XeTeXLinkMargin=\dimen153

(C:\Users\ellio\AppData\Local\Programs\MiKTeX\tex/generic/bitset\bitset.sty
Package: bitset 2019/12/09 v1.3 Handle bit-vector datatype (HO)

(C:\Users\ellio\AppData\Local\Programs\MiKTeX\tex/generic/bigintcalc\bigintcalc
.sty
Package: bigintcalc 2019/12/15 v1.5 Expandable calculations on big integers (HO
)
))
\Fld@menulength=\count267
\Field@Width=\dimen154
\Fld@charsize=\dimen155
Package hyperref Info: Hyper figures OFF on input line 6347.
Package hyperref Info: Link nesting OFF on input line 6352.
Package hyperref Info: Hyper index ON on input line 6355.
Package hyperref Info: backreferencing OFF on input line 6362.
Package hyperref Info: Link coloring OFF on input line 6367.
Package hyperref Info: Link coloring with OCG OFF on input line 6372.
Package hyperref Info: PDF/A mode OFF on input line 6377.
LaTeX Info: Redefining \ref on input line 6417.
LaTeX Info: Redefining \pageref on input line 6421.

(C:\Users\ellio\AppData\Local\Programs\MiKTeX\tex/latex/base\atbegshi-ltx.sty
Package: atbegshi-ltx 2020/08/17 v1.0a Emulation of the original atbegshi packa
ge
with kernel methods
)
\Hy@abspage=\count268
\c@Item=\count269
\c@Hfootnote=\count270
)
Package hyperref Info: Driver (autodetected): hpdftex.
(C:\Users\ellio\AppData\Local\Programs\MiKTeX\tex/latex/hyperref\hpdftex.def
File: hpdftex.def 2020-05-15 v7.00e Hyperref driver for pdfTeX

(C:\Users\ellio\AppData\Local\Programs\MiKTeX\tex/latex/base\atveryend-ltx.sty
Package: atveryend-ltx 2020/08/19 v1.0a Emulation of the original atvery packag
e
with kernel methods
)
\Fld@listcount=\count271
\c@bookmark@seq@number=\count272

(C:\Users\ellio\AppData\Local\Programs\MiKTeX\tex/latex/rerunfilecheck\rerunfil
echeck.sty
Package: rerunfilecheck 2019/12/05 v1.9 Rerun checks for auxiliary files (HO)

(C:\Users\ellio\AppData\Local\Programs\MiKTeX\tex/generic/uniquecounter\uniquec
ounter.sty
Package: uniquecounter 2019/12/15 v1.4 Provide unlimited unique counter (HO)
)
Package uniquecounter Info: New unique counter `rerunfilecheck' on input line 2
86.
)
\Hy@SectionHShift=\skip63
)
(C:\Users\ellio\AppData\Local\Programs\MiKTeX\tex/latex/l3backend\l3backend-pdf
tex.def
File: l3backend-pdftex.def 2020-09-24 L3 backend support: PDF output (pdfTeX)
\l__kernel_color_stack_int=\count273
\l__pdf_internal_box=\box51
) (Chart.aux)
\openout1 = `Chart.aux'.

LaTeX Font Info:    Checking defaults for OML/cmm/m/it on input line 13.
LaTeX Font Info:    ... okay on input line 13.
LaTeX Font Info:    Checking defaults for OMS/cmsy/m/n on input line 13.
LaTeX Font Info:    ... okay on input line 13.
LaTeX Font Info:    Checking defaults for OT1/cmr/m/n on input line 13.
LaTeX Font Info:    ... okay on input line 13.
LaTeX Font Info:    Checking defaults for T1/cmr/m/n on input line 13.
LaTeX Font Info:    ... okay on input line 13.
LaTeX Font Info:    Checking defaults for TS1/cmr/m/n on input line 13.
LaTeX Font Info:    ... okay on input line 13.
LaTeX Font Info:    Checking defaults for OMX/cmex/m/n on input line 13.
LaTeX Font Info:    ... okay on input line 13.
LaTeX Font Info:    Checking defaults for U/cmr/m/n on input line 13.
LaTeX Font Info:    ... okay on input line 13.
LaTeX Font Info:    Checking defaults for PD1/pdf/m/n on input line 13.
LaTeX Font Info:    ... okay on input line 13.

(C:\Users\ellio\AppData\Local\Programs\MiKTeX\tex/context/base/mkii\supp-pdf.mk
ii
[Loading MPS to PDF converter (version 2006.09.02).]
\scratchcounter=\count274
\scratchdimen=\dimen156
\scratchbox=\box52
\nofMPsegments=\count275
\nofMParguments=\count276
\everyMPshowfont=\toks19
\MPscratchCnt=\count277
\MPscratchDim=\dimen157
\MPnumerator=\count278
\makeMPintoPDFobject=\count279
\everyMPtoPDFconversion=\toks20
)
(C:\Users\ellio\AppData\Local\Programs\MiKTeX\tex/latex/epstopdf-pkg\epstopdf-b
ase.sty
Package: epstopdf-base 2020-01-24 v2.11 Base part for package epstopdf
Package epstopdf-base Info: Redefining graphics rule for `.eps' on input line 4
85.
)
*geometry* driver: auto-detecting
*geometry* detected driver: pdftex
*geometry* verbose mode - [ preamble ] result:
* driver: pdftex
* paper: <default>
* layout: <same size as paper>
* layoutoffset:(h,v)=(0.0pt,0.0pt)
* modes: 
* h-part:(L,W,R)=(21.33955pt, 571.61589pt, 21.33955pt)
* v-part:(T,H,B)=(21.33955pt, 752.29088pt, 21.33955pt)
* \paperwidth=614.295pt
* \paperheight=794.96999pt
* \textwidth=571.61589pt
* \textheight=752.29088pt
* \oddsidemargin=-50.93044pt
* \evensidemargin=-50.93044pt
* \topmargin=-87.93044pt
* \headheight=12.0pt
* \headsep=25.0pt
* \topskip=11.0pt
* \footskip=30.0pt
* \marginparwidth=59.0pt
* \marginparsep=10.0pt
* \columnsep=10.0pt
* \skip\footins=10.0pt plus 4.0pt minus 2.0pt
* \hoffset=0.0pt
* \voffset=0.0pt
* \mag=1000
* \@twocolumnfalse
* \@twosidefalse
* \@mparswitchfalse
* \@reversemarginfalse
* (1in=72.27pt=25.4mm, 1cm=28.453pt)

Package hyperref Info: Link coloring OFF on input line 13.
(C:\Users\ellio\AppData\Local\Programs\MiKTeX\tex/latex/hyperref\nameref.sty
Package: nameref 2019/09/16 v2.46 Cross-referencing by name of section

(C:\Users\ellio\AppData\Local\Programs\MiKTeX\tex/latex/refcount\refcount.sty
Package: refcount 2019/12/15 v3.6 Data extraction from label references (HO)
)
(C:\Users\ellio\AppData\Local\Programs\MiKTeX\tex/generic/gettitlestring\gettit
lestring.sty
Package: gettitlestring 2019/12/15 v1.6 Cleanup title references (HO)
)
\c@section@level=\count280
)
LaTeX Info: Redefining \ref on input line 13.
LaTeX Info: Redefining \pageref on input line 13.
LaTeX Info: Redefining \nameref on input line 13.
\@outlinefile=\write3
\openout3 = `Chart.out'.

LaTeX Font Info:    Trying to load font information for U+msa on input line 15.


(C:\Users\ellio\AppData\Local\Programs\MiKTeX\tex/latex/amsfonts\umsa.fd
File: umsa.fd 2013/01/14 v3.01 AMS symbols A
)
LaTeX Font Info:    Trying to load font information for U+msb on input line 15.


(C:\Users\ellio\AppData\Local\Programs\MiKTeX\tex/latex/amsfonts\umsb.fd
File: umsb.fd 2013/01/14 v3.01 AMS symbols B
)
Underfull \hbox (badness 10000) in paragraph at lines 63--63
\OT1/cmr/m/n/10.95 De-po-nent, Ac-tive and Pas-sive
 []


Underfull \hbox (badness 4673) in paragraph at lines 88--88
[]|\OT1/cmr/m/n/10.95 Learn First Con-junc-tion Ac-tive
 []


Underfull \hbox (badness 2617) in paragraph at lines 88--88
\OT1/cmr/m/n/10.95 Im-per-a-tive, In-fini-tive, Par-tici-ple,
 []


Underfull \hbox (badness 2401) in paragraph at lines 93--93
[]|\OT1/cmr/m/n/10.95 Learn First Con-junc-tion Pas-sive
 []


Underfull \hbox (badness 2617) in paragraph at lines 103--103
\OT1/cmr/m/n/10.95 Im-per-a-tive, In-fini-tive, Par-tici-ple,
 []


Underfull \hbox (badness 2065) in paragraph at lines 120--121
\OT1/cmr/m/n/10.95 all of First Con-ju-ga-tion 2
 []


Underfull \hbox (badness 2213) in paragraph at lines 123--123
[]|\OT1/cmr/m/n/10.95 Learn Third Con-junc-tion Ac-tive
 []


Underfull \hbox (badness 2617) in paragraph at lines 123--123
\OT1/cmr/m/n/10.95 Im-per-a-tive, In-fini-tive, Par-tici-ple,
 []


Underfull \hbox (badness 2065) in paragraph at lines 125--126
\OT1/cmr/m/n/10.95 all of First Con-ju-ga-tion 2
 []


Underfull \hbox (badness 2065) in paragraph at lines 130--131
\OT1/cmr/m/n/10.95 all of First Con-ju-ga-tion 2
 []


Underfull \hbox (badness 2698) in paragraph at lines 138--138
[]|\OT1/cmr/m/n/10.95 Learn Forth Con-junc-tion Ac-tive
 []


Underfull \hbox (badness 2617) in paragraph at lines 138--138
\OT1/cmr/m/n/10.95 Im-per-a-tive, In-fini-tive, Par-tici-ple,
 []


Underfull \hbox (badness 1194) in paragraph at lines 143--143
[]|\OT1/cmr/m/n/10.95 Learn Forth Con-junc-tion Pas-sive
 []


Underfull \hbox (badness 1210) in paragraph at lines 171--172
\OT1/cmr/m/n/10.95 all of Forth Con-ju-ga-tion 2
 []


Underfull \hbox (badness 3977) in paragraph at lines 181--182
\OT1/cmr/m/n/10.95 First, Sec-ond, Third,Forth
 []


Underfull \hbox (badness 1769) in paragraph at lines 190--190
[]|\OT1/cmr/m/n/10.95 Commit Im-por-tant 1st Con-ju-ga-
 []


Underfull \hbox (badness 2426) in paragraph at lines 190--190
\OT1/cmr/m/n/10.95 ing them once in the "I" and
 []


Underfull \hbox (badness 10000) in paragraph at lines 191--192
[]|\OT1/cmr/m/n/10.95 Sum and First, Sec-ond,
 []


Underfull \hbox (badness 1342) in paragraph at lines 191--192
\OT1/cmr/m/n/10.95 Third,Forth and Third -ior
 []


Underfull \hbox (badness 1242) in paragraph at lines 191--192
\OT1/cmr/m/n/10.95 Con-ju-ga-tion once, and De-
 []


Underfull \hbox (badness 6078) in paragraph at lines 191--192
\OT1/cmr/m/n/10.95 Verbs Once and once of
 []


Underfull \hbox (badness 10000) in paragraph at lines 191--192
\OT1/cmr/m/n/10.95 Pe-riphrastic Con-ju-ga-tion
 []


Underfull \hbox (badness 10000) in paragraph at lines 196--197
[]|\OT1/cmr/m/n/10.95 Sum and First, Sec-ond,
 []


Underfull \hbox (badness 1342) in paragraph at lines 196--197
\OT1/cmr/m/n/10.95 Third,Forth and Third -ior
 []


Underfull \hbox (badness 1242) in paragraph at lines 196--197
\OT1/cmr/m/n/10.95 Con-ju-ga-tion once, and De-
 []


Underfull \hbox (badness 6078) in paragraph at lines 196--197
\OT1/cmr/m/n/10.95 Verbs Once and once of
 []


Underfull \hbox (badness 10000) in paragraph at lines 196--197
\OT1/cmr/m/n/10.95 Pe-riphrastic Con-ju-ga-tion
 []


Underfull \hbox (badness 10000) in paragraph at lines 201--202
[]|\OT1/cmr/m/n/10.95 Sum and First, Sec-ond,
 []


Underfull \hbox (badness 1342) in paragraph at lines 201--202
\OT1/cmr/m/n/10.95 Third,Forth and Third -ior
 []


Underfull \hbox (badness 1242) in paragraph at lines 201--202
\OT1/cmr/m/n/10.95 Con-ju-ga-tion once, and De-
 []


Underfull \hbox (badness 10000) in paragraph at lines 206--207
[]|\OT1/cmr/m/n/10.95 Sum and First, Sec-ond,
 []


Underfull \hbox (badness 1342) in paragraph at lines 206--207
\OT1/cmr/m/n/10.95 Third,Forth and Third -ior
 []


Underfull \hbox (badness 1242) in paragraph at lines 206--207
\OT1/cmr/m/n/10.95 Con-ju-ga-tion once, and De-
 []


Underfull \hbox (badness 1184) in paragraph at lines 210--210
[]|\OT1/cmr/m/n/10.95 Commit Im-por-tant 3rd Con-ju-ga-
 []


Underfull \hbox (badness 10000) in paragraph at lines 211--212
[]|\OT1/cmr/m/n/10.95 Sum and First, Sec-ond,
 []


Underfull \hbox (badness 1342) in paragraph at lines 211--212
\OT1/cmr/m/n/10.95 Third,Forth and Third -ior
 []


Underfull \hbox (badness 1242) in paragraph at lines 211--212
\OT1/cmr/m/n/10.95 Con-ju-ga-tion once, and De-
 []


Underfull \hbox (badness 1184) in paragraph at lines 214--214
[]|\OT1/cmr/m/n/10.95 Commit Im-por-tant 3rd Con-ju-ga-
 []


Underfull \hbox (badness 10000) in paragraph at lines 216--217
[]|\OT1/cmr/m/n/10.95 Sum and First, Sec-ond,
 []


Underfull \hbox (badness 1342) in paragraph at lines 216--217
\OT1/cmr/m/n/10.95 Third,Forth and Third -ior
 []


Underfull \hbox (badness 1242) in paragraph at lines 216--217
\OT1/cmr/m/n/10.95 Con-ju-ga-tion once, and De-
 []


Underfull \hbox (badness 5331) in paragraph at lines 220--220
\OT1/cmr/m/n/10.95 and VERBS WITH PRESENT
 []


Underfull \hbox (badness 10000) in paragraph at lines 221--222
[]|\OT1/cmr/m/n/10.95 Sum and First, Sec-ond,
 []


Underfull \hbox (badness 1342) in paragraph at lines 221--222
\OT1/cmr/m/n/10.95 Third,Forth and Third -ior
 []


Underfull \hbox (badness 1242) in paragraph at lines 221--222
\OT1/cmr/m/n/10.95 Con-ju-ga-tion once, and De-
 []


Underfull \hbox (badness 4168) in paragraph at lines 229--229
\OT1/cmr/m/n/10.95 STEM END-ING IN -I.Memory,
 []


Underfull \hbox (badness 1184) in paragraph at lines 230--230
[]|\OT1/cmr/m/n/10.95 Commit Im-por-tant 3rd Con-ju-ga-
 []


Underfull \hbox (badness 1178) in paragraph at lines 230--230
\OT1/cmr/m/n/10.95 ple Roots. to Mem-ory, Con-ju-
 []


Underfull \hbox (badness 10000) in paragraph at lines 231--232
[]|\OT1/cmr/m/n/10.95 Sum and First, Sec-ond,
 []


Underfull \hbox (badness 1342) in paragraph at lines 231--232
\OT1/cmr/m/n/10.95 Third,Forth and Third -ior
 []


Underfull \hbox (badness 1242) in paragraph at lines 231--232
\OT1/cmr/m/n/10.95 Con-ju-ga-tion once, and De-
 []


Underfull \hbox (badness 10000) in paragraph at lines 236--237
[]|\OT1/cmr/m/n/10.95 Sum and First, Sec-ond,
 []


Underfull \hbox (badness 1342) in paragraph at lines 236--237
\OT1/cmr/m/n/10.95 Third,Forth and Third -ior
 []


Underfull \hbox (badness 1242) in paragraph at lines 236--237
\OT1/cmr/m/n/10.95 Con-ju-ga-tion once, and De-
 []


Underfull \hbox (badness 10000) in paragraph at lines 241--242
[]|\OT1/cmr/m/n/10.95 Sum and First, Sec-ond,
 []


Underfull \hbox (badness 1342) in paragraph at lines 241--242
\OT1/cmr/m/n/10.95 Third,Forth and Third -ior
 []


Underfull \hbox (badness 1242) in paragraph at lines 241--242
\OT1/cmr/m/n/10.95 Con-ju-ga-tion once, and De-
 []


Underfull \hbox (badness 10000) in paragraph at lines 246--247
[]|\OT1/cmr/m/n/10.95 Sum and First, Sec-ond,
 []


Underfull \hbox (badness 1342) in paragraph at lines 246--247
\OT1/cmr/m/n/10.95 Third,Forth and Third -ior
 []


Underfull \hbox (badness 1242) in paragraph at lines 246--247
\OT1/cmr/m/n/10.95 Con-ju-ga-tion once, and De-
 []

[1

{C:/Users/ellio/AppData/Local/MiKTeX/pdftex/config/pdftex.map}] [2]
Underfull \hbox (badness 10000) in paragraph at lines 251--252
[]|\OT1/cmr/m/n/10.95 Sum and First, Sec-ond,
 []


Underfull \hbox (badness 1342) in paragraph at lines 251--252
\OT1/cmr/m/n/10.95 Third,Forth and Third -ior
 []


Underfull \hbox (badness 1242) in paragraph at lines 251--252
\OT1/cmr/m/n/10.95 Con-ju-ga-tion once, and De-
 []


Underfull \hbox (badness 10000) in paragraph at lines 256--257
[]|\OT1/cmr/m/n/10.95 Sum and First, Sec-ond,
 []


Underfull \hbox (badness 1342) in paragraph at lines 256--257
\OT1/cmr/m/n/10.95 Third,Forth and Third -ior
 []


Underfull \hbox (badness 1242) in paragraph at lines 256--257
\OT1/cmr/m/n/10.95 Con-ju-ga-tion once, and De-
 []


Underfull \hbox (badness 10000) in paragraph at lines 261--262
[]|\OT1/cmr/m/n/10.95 Sum and First, Sec-ond,
 []


Underfull \hbox (badness 1342) in paragraph at lines 261--262
\OT1/cmr/m/n/10.95 Third,Forth and Third -ior
 []


Underfull \hbox (badness 1242) in paragraph at lines 261--262
\OT1/cmr/m/n/10.95 Con-ju-ga-tion once, and De-
 []


Underfull \hbox (badness 1783) in paragraph at lines 264--264
[]|\OT1/cmr/m/n/10.95 Commit Eo to Mem-ory, Con-ju-
 []


Underfull \hbox (badness 10000) in paragraph at lines 266--267
[]|\OT1/cmr/m/n/10.95 Sum and First, Sec-ond,
 []


Underfull \hbox (badness 1342) in paragraph at lines 266--267
\OT1/cmr/m/n/10.95 Third,Forth and Third -ior
 []


Underfull \hbox (badness 1242) in paragraph at lines 266--267
\OT1/cmr/m/n/10.95 Con-ju-ga-tion once, and De-
 []


Underfull \hbox (badness 10000) in paragraph at lines 271--272
[]|\OT1/cmr/m/n/10.95 Sum and First, Sec-ond,
 []


Underfull \hbox (badness 1342) in paragraph at lines 271--272
\OT1/cmr/m/n/10.95 Third,Forth and Third -ior
 []


Underfull \hbox (badness 1242) in paragraph at lines 271--272
\OT1/cmr/m/n/10.95 Con-ju-ga-tion once, and De-
 []


Underfull \hbox (badness 10000) in paragraph at lines 276--277
[]|\OT1/cmr/m/n/10.95 Sum and First, Sec-ond,
 []


Underfull \hbox (badness 1342) in paragraph at lines 276--277
\OT1/cmr/m/n/10.95 Third,Forth and Third -ior
 []


Underfull \hbox (badness 1242) in paragraph at lines 276--277
\OT1/cmr/m/n/10.95 Con-ju-ga-tion once, and De-
 []


Underfull \hbox (badness 10000) in paragraph at lines 281--282
[]|\OT1/cmr/m/n/10.95 Sum and First, Sec-ond,
 []


Underfull \hbox (badness 1342) in paragraph at lines 281--282
\OT1/cmr/m/n/10.95 Third,Forth and Third -ior
 []


Underfull \hbox (badness 1242) in paragraph at lines 281--282
\OT1/cmr/m/n/10.95 Con-ju-ga-tion once, and De-
 []

[3] [4] [5] [6] [7] (Chart.aux)

Package rerunfilecheck Warning: File `Chart.out' has changed.
(rerunfilecheck)                Rerun to get outlines right
(rerunfilecheck)                or use package `bookmark'.

Package rerunfilecheck Info: Checksums for `Chart.out':
(rerunfilecheck)             Before: <no file>
(rerunfilecheck)             After:  D41D8CD98F00B204E9800998ECF8427E;0.

LaTeX Warning: Label(s) may have changed. Rerun to get cross-references right.

 ) 
Here is how much of TeX's memory you used:
 6660 strings out of 479799
 101042 string characters out of 2869723
 454938 words of memory out of 3000000
 23537 multiletter control sequences out of 15000+200000
 541888 words of font info for 55 fonts, out of 3000000 for 9000
 1141 hyphenation exceptions out of 8191
 80i,11n,85p,264b,427s stack positions out of 5000i,500n,10000p,200000b,50000s
<C:/Users/ellio/AppData/Local/Programs/MiKTeX/fonts/type1/public/amsfonts/cm/
cmbx10.pfb><C:/Users/ellio/AppData/Local/Programs/MiKTeX/fonts/type1/public/ams
fonts/cm/cmr10.pfb><C:/Users/ellio/AppData/Local/Programs/MiKTeX/fonts/type1/pu
blic/amsfonts/cm/cmr12.pfb><C:/Users/ellio/AppData/Local/Programs/MiKTeX/fonts/
type1/public/amsfonts/cm/cmr17.pfb><C:/Users/ellio/AppData/Local/Programs/MiKTe
X/fonts/type1/public/amsfonts/symbols/msam10.pfb>
Output written on Chart.pdf (7 pages, 81493 bytes).
PDF statistics:
 60 PDF objects out of 1000 (max. 8388607)
 9 named destinations out of 1000 (max. 500000)
 1 words of extra memory for PDF output out of 10000 (max. 10000000)

